This is pdfTeX, Version 3.1415926-2.3-1.40.12 (TeX Live 2011) (format=pdflatex 2011.12.2)  5 APR 2013 10:42
entering extended mode
 restricted \write18 enabled.
 %&-line parsing enabled.
**Leg_Violence_Gandrud.tex
(./Leg_Violence_Gandrud.tex
LaTeX2e <2009/09/24>
Babel <v3.8l> and hyphenation patterns for english, dumylang, nohyphenation, ge
rman-x-2009-06-19, ngerman-x-2009-06-19, afrikaans, ancientgreek, ibycus, arabi
c, armenian, basque, bulgarian, catalan, pinyin, coptic, croatian, czech, danis
h, dutch, ukenglish, usenglishmax, esperanto, estonian, ethiopic, farsi, finnis
h, french, galician, german, ngerman, swissgerman, monogreek, greek, hungarian,
 icelandic, assamese, bengali, gujarati, hindi, kannada, malayalam, marathi, or
iya, panjabi, tamil, telugu, indonesian, interlingua, irish, italian, kurmanji,
 lao, latin, latvian, lithuanian, mongolian, mongolianlmc, bokmal, nynorsk, pol
ish, portuguese, romanian, russian, sanskrit, serbian, serbianc, slovak, sloven
ian, spanish, swedish, turkish, turkmen, ukrainian, uppersorbian, welsh, loaded
.
(/usr/local/texlive/2011/texmf-dist/tex/latex/base/article.cls
Document Class: article 2007/10/19 v1.4h Standard LaTeX document class
(/usr/local/texlive/2011/texmf-dist/tex/latex/base/size10.clo
File: size10.clo 2007/10/19 v1.4h Standard LaTeX file (size option)
)
\c@part=\count79
\c@section=\count80
\c@subsection=\count81
\c@subsubsection=\count82
\c@paragraph=\count83
\c@subparagraph=\count84
\c@figure=\count85
\c@table=\count86
\abovecaptionskip=\skip41
\belowcaptionskip=\skip42
\bibindent=\dimen102
)
(/usr/local/texlive/2011/texmf-dist/tex/latex/graphics/graphicx.sty
Package: graphicx 1999/02/16 v1.0f Enhanced LaTeX Graphics (DPC,SPQR)

(/usr/local/texlive/2011/texmf-dist/tex/latex/graphics/keyval.sty
Package: keyval 1999/03/16 v1.13 key=value parser (DPC)
\KV@toks@=\toks14
)
(/usr/local/texlive/2011/texmf-dist/tex/latex/graphics/graphics.sty
Package: graphics 2009/02/05 v1.0o Standard LaTeX Graphics (DPC,SPQR)

(/usr/local/texlive/2011/texmf-dist/tex/latex/graphics/trig.sty
Package: trig 1999/03/16 v1.09 sin cos tan (DPC)
)
(/usr/local/texlive/2011/texmf-dist/tex/latex/latexconfig/graphics.cfg
File: graphics.cfg 2010/04/23 v1.9 graphics configuration of TeX Live
)
Package graphics Info: Driver file: pdftex.def on input line 91.

(/usr/local/texlive/2011/texmf-dist/tex/latex/pdftex-def/pdftex.def
File: pdftex.def 2011/05/27 v0.06d Graphics/color for pdfTeX

(/usr/local/texlive/2011/texmf-dist/tex/generic/oberdiek/infwarerr.sty
Package: infwarerr 2010/04/08 v1.3 Providing info/warning/message (HO)
)
(/usr/local/texlive/2011/texmf-dist/tex/generic/oberdiek/ltxcmds.sty
Package: ltxcmds 2011/04/18 v1.20 LaTeX kernel commands for general use (HO)
)
\Gread@gobject=\count87
))
\Gin@req@height=\dimen103
\Gin@req@width=\dimen104
)
(/usr/local/texlive/2011/texmf-dist/tex/latex/graphics/color.sty
Package: color 2005/11/14 v1.0j Standard LaTeX Color (DPC)

(/usr/local/texlive/2011/texmf-dist/tex/latex/latexconfig/color.cfg
File: color.cfg 2007/01/18 v1.5 color configuration of teTeX/TeXLive
)
Package color Info: Driver file: pdftex.def on input line 130.
)
(/Library/Frameworks/R.framework/Resources/share/texmf/tex/latex/upquote.sty
Package: upquote 2003/08/11 v1.1 Covington's upright-quote modification to verb
atim and verb

(/usr/local/texlive/2011/texmf-dist/tex/latex/base/textcomp.sty
Package: textcomp 2005/09/27 v1.99g Standard LaTeX package
Package textcomp Info: Sub-encoding information:
(textcomp)               5 = only ISO-Adobe without \textcurrency
(textcomp)               4 = 5 + \texteuro
(textcomp)               3 = 4 + \textohm
(textcomp)               2 = 3 + \textestimated + \textcurrency
(textcomp)               1 = TS1 - \textcircled - \t
(textcomp)               0 = TS1 (full)
(textcomp)             Font families with sub-encoding setting implement
(textcomp)             only a restricted character set as indicated.
(textcomp)             Family '?' is the default used for unknown fonts.
(textcomp)             See the documentation for details.
Package textcomp Info: Setting ? sub-encoding to TS1/1 on input line 71.

(/usr/local/texlive/2011/texmf-dist/tex/latex/base/ts1enc.def
File: ts1enc.def 2001/06/05 v3.0e (jk/car/fm) Standard LaTeX file
)
LaTeX Info: Redefining \oldstylenums on input line 266.
Package textcomp Info: Setting cmr sub-encoding to TS1/0 on input line 281.
Package textcomp Info: Setting cmss sub-encoding to TS1/0 on input line 282.
Package textcomp Info: Setting cmtt sub-encoding to TS1/0 on input line 283.
Package textcomp Info: Setting cmvtt sub-encoding to TS1/0 on input line 284.
Package textcomp Info: Setting cmbr sub-encoding to TS1/0 on input line 285.
Package textcomp Info: Setting cmtl sub-encoding to TS1/0 on input line 286.
Package textcomp Info: Setting ccr sub-encoding to TS1/0 on input line 287.
Package textcomp Info: Setting ptm sub-encoding to TS1/4 on input line 288.
Package textcomp Info: Setting pcr sub-encoding to TS1/4 on input line 289.
Package textcomp Info: Setting phv sub-encoding to TS1/4 on input line 290.
Package textcomp Info: Setting ppl sub-encoding to TS1/3 on input line 291.
Package textcomp Info: Setting pag sub-encoding to TS1/4 on input line 292.
Package textcomp Info: Setting pbk sub-encoding to TS1/4 on input line 293.
Package textcomp Info: Setting pnc sub-encoding to TS1/4 on input line 294.
Package textcomp Info: Setting pzc sub-encoding to TS1/4 on input line 295.
Package textcomp Info: Setting bch sub-encoding to TS1/4 on input line 296.
Package textcomp Info: Setting put sub-encoding to TS1/5 on input line 297.
Package textcomp Info: Setting uag sub-encoding to TS1/5 on input line 298.
Package textcomp Info: Setting ugq sub-encoding to TS1/5 on input line 299.
Package textcomp Info: Setting ul8 sub-encoding to TS1/4 on input line 300.
Package textcomp Info: Setting ul9 sub-encoding to TS1/4 on input line 301.
Package textcomp Info: Setting augie sub-encoding to TS1/5 on input line 302.
Package textcomp Info: Setting dayrom sub-encoding to TS1/3 on input line 303.
Package textcomp Info: Setting dayroms sub-encoding to TS1/3 on input line 304.

Package textcomp Info: Setting pxr sub-encoding to TS1/0 on input line 305.
Package textcomp Info: Setting pxss sub-encoding to TS1/0 on input line 306.
Package textcomp Info: Setting pxtt sub-encoding to TS1/0 on input line 307.
Package textcomp Info: Setting txr sub-encoding to TS1/0 on input line 308.
Package textcomp Info: Setting txss sub-encoding to TS1/0 on input line 309.
Package textcomp Info: Setting txtt sub-encoding to TS1/0 on input line 310.
Package textcomp Info: Setting futs sub-encoding to TS1/4 on input line 311.
Package textcomp Info: Setting futx sub-encoding to TS1/4 on input line 312.
Package textcomp Info: Setting futj sub-encoding to TS1/4 on input line 313.
Package textcomp Info: Setting hlh sub-encoding to TS1/3 on input line 314.
Package textcomp Info: Setting hls sub-encoding to TS1/3 on input line 315.
Package textcomp Info: Setting hlst sub-encoding to TS1/3 on input line 316.
Package textcomp Info: Setting hlct sub-encoding to TS1/5 on input line 317.
Package textcomp Info: Setting hlx sub-encoding to TS1/5 on input line 318.
Package textcomp Info: Setting hlce sub-encoding to TS1/5 on input line 319.
Package textcomp Info: Setting hlcn sub-encoding to TS1/5 on input line 320.
Package textcomp Info: Setting hlcw sub-encoding to TS1/5 on input line 321.
Package textcomp Info: Setting hlcf sub-encoding to TS1/5 on input line 322.
Package textcomp Info: Setting pplx sub-encoding to TS1/3 on input line 323.
Package textcomp Info: Setting pplj sub-encoding to TS1/3 on input line 324.
Package textcomp Info: Setting ptmx sub-encoding to TS1/4 on input line 325.
Package textcomp Info: Setting ptmj sub-encoding to TS1/4 on input line 326.
))
(/usr/local/texlive/2011/texmf-dist/tex/latex/framed/framed.sty
Package: framed 2007/10/04 v 0.95: framed or shaded text with page breaks
\fb@frw=\dimen105
\fb@frh=\dimen106
\FrameRule=\dimen107
\FrameSep=\dimen108
)
(/usr/local/texlive/2011/texmf-dist/tex/latex/base/alltt.sty
Package: alltt 1997/06/16 v2.0g defines alltt environment
)
(/usr/local/texlive/2011/texmf-dist/tex/latex/preprint/fullpage.sty
Package: fullpage 1999/02/23 1.1 (PWD)
\FP@margin=\skip43
)
(/usr/local/texlive/2011/texmf-dist/tex/latex/graphics/lscape.sty
Package: lscape 2000/10/22 v3.01 Landscape Pages (DPC)
)
(/usr/local/texlive/2011/texmf-dist/tex/latex/natbib/natbib.sty
Package: natbib 2010/09/13 8.31b (PWD, AO)
\bibhang=\skip44
\bibsep=\skip45
LaTeX Info: Redefining \cite on input line 694.
\c@NAT@ctr=\count88
)
(/usr/local/texlive/2011/texmf-dist/tex/latex/setspace/setspace.sty
Package: setspace 2000/12/01 6.7 Contributed and Supported LaTeX2e package

Package: `setspace' 6.7 <2000/12/01>
) (/usr/local/texlive/2011/texmf-dist/tex/latex/hyperref/hyperref.sty
Package: hyperref 2011/04/17 v6.82g Hypertext links for LaTeX

(/usr/local/texlive/2011/texmf-dist/tex/generic/oberdiek/hobsub-hyperref.sty
Package: hobsub-hyperref 2011/04/23 v1.4 Bundle oberdiek, subset hyperref (HO)

(/usr/local/texlive/2011/texmf-dist/tex/generic/oberdiek/hobsub-generic.sty
Package: hobsub-generic 2011/04/23 v1.4 Bundle oberdiek, subset generic (HO)
Package: hobsub 2011/04/23 v1.4 Subsetting bundle oberdiek (HO)
Package hobsub Info: Skipping package `infwarerr' (already loaded).
Package hobsub Info: Skipping package `ltxcmds' (already loaded).
Package: ifluatex 2010/03/01 v1.3 Provides the ifluatex switch (HO)
Package ifluatex Info: LuaTeX not detected.
Package: ifvtex 2010/03/01 v1.5 Switches for detecting VTeX and its modes (HO)
Package ifvtex Info: VTeX not detected.
Package: intcalc 2007/09/27 v1.1 Expandable integer calculations (HO)
Package: ifpdf 2011/01/30 v2.3 Provides the ifpdf switch (HO)
Package ifpdf Info: pdfTeX in PDF mode is detected.
Package: etexcmds 2011/02/16 v1.5 Prefix for e-TeX command names (HO)
Package etexcmds Info: Could not find \expanded.
(etexcmds)             That can mean that you are not using pdfTeX 1.50 or
(etexcmds)             that some package has redefined \expanded.
(etexcmds)             In the latter case, load this package earlier.
Package: kvsetkeys 2011/04/07 v1.13 Key value parser (HO)
Package: kvdefinekeys 2011/04/07 v1.3 Defining keys (HO)
Package: pdftexcmds 2011/04/22 v0.16 Utilities of pdfTeX for LuaTeX (HO)
Package pdftexcmds Info: LuaTeX not detected.
Package pdftexcmds Info: \pdf@primitive is available.
Package pdftexcmds Info: \pdf@ifprimitive is available.
Package pdftexcmds Info: \pdfdraftmode found.
Package: pdfescape 2011/04/04 v1.12 Provides string conversions (HO)
Package: bigintcalc 2011/01/30 v1.2 Expandable big integer calculations (HO)
Package: bitset 2011/01/30 v1.1 Data type bit set (HO)
Package: uniquecounter 2011/01/30 v1.2 Provides unlimited unique counter (HO)
)
Package hobsub Info: Skipping package `hobsub' (already loaded).
Package: letltxmacro 2010/09/02 v1.4 Let assignment for LaTeX macros (HO)
Package: hopatch 2011/01/30 v1.0 Wrapper for package hooks (HO)
Package: xcolor-patch 2011/01/30 xcolor patch
Package: atveryend 2011/04/23 v1.7 Hooks at very end of document (HO)
Package atveryend Info: \enddocument detected (standard).
Package: atbegshi 2011/01/30 v1.15 At begin shipout hook (HO)
Package: refcount 2010/12/01 v3.2 Data extraction from references (HO)
Package: hycolor 2011/01/30 v1.7 Color options of hyperref/bookmark (HO)
)
(/usr/local/texlive/2011/texmf-dist/tex/generic/ifxetex/ifxetex.sty
Package: ifxetex 2010/09/12 v0.6 Provides ifxetex conditional
)
(/usr/local/texlive/2011/texmf-dist/tex/latex/oberdiek/kvoptions.sty
Package: kvoptions 2010/12/23 v3.10 Keyval support for LaTeX options (HO)
)
\@linkdim=\dimen109
\Hy@linkcounter=\count89
\Hy@pagecounter=\count90

(/usr/local/texlive/2011/texmf-dist/tex/latex/hyperref/pd1enc.def
File: pd1enc.def 2011/04/17 v6.82g Hyperref: PDFDocEncoding definition (HO)
)
\Hy@SavedSpaceFactor=\count91

(/usr/local/texlive/2011/texmf-dist/tex/latex/latexconfig/hyperref.cfg
File: hyperref.cfg 2002/06/06 v1.2 hyperref configuration of TeXLive
)
Package hyperref Info: Hyper figures OFF on input line 4026.
Package hyperref Info: Link nesting OFF on input line 4031.
Package hyperref Info: Hyper index ON on input line 4034.
Package hyperref Info: Plain pages OFF on input line 4041.
Package hyperref Info: Backreferencing OFF on input line 4046.
Package hyperref Info: Implicit mode ON; LaTeX internals redefined.
Package hyperref Info: Bookmarks ON on input line 4264.
\c@Hy@tempcnt=\count92

(/usr/local/texlive/2011/texmf-dist/tex/latex/url/url.sty
\Urlmuskip=\muskip10
Package: url 2006/04/12  ver 3.3  Verb mode for urls, etc.
)
LaTeX Info: Redefining \url on input line 4617.
\Fld@menulength=\count93
\Field@Width=\dimen110
\Fld@charsize=\dimen111
Package hyperref Info: Hyper figures OFF on input line 5701.
Package hyperref Info: Link nesting OFF on input line 5706.
Package hyperref Info: Hyper index ON on input line 5709.
Package hyperref Info: backreferencing OFF on input line 5716.
Package hyperref Info: Link coloring OFF on input line 5721.
Package hyperref Info: Link coloring with OCG OFF on input line 5726.
Package hyperref Info: PDF/A mode OFF on input line 5731.
LaTeX Info: Redefining \ref on input line 5771.
LaTeX Info: Redefining \pageref on input line 5775.
\Hy@abspage=\count94
\c@Item=\count95
\c@Hfootnote=\count96
)

Package hyperref Message: Driver (autodetected): hpdftex.

(/usr/local/texlive/2011/texmf-dist/tex/latex/hyperref/hpdftex.def
File: hpdftex.def 2011/04/17 v6.82g Hyperref driver for pdfTeX
\Fld@listcount=\count97
\c@bookmark@seq@number=\count98

(/usr/local/texlive/2011/texmf-dist/tex/latex/oberdiek/rerunfilecheck.sty
Package: rerunfilecheck 2011/04/15 v1.7 Rerun checks for auxiliary files (HO)
Package uniquecounter Info: New unique counter `rerunfilecheck' on input line 2
82.
)
\Hy@SectionHShift=\skip46
)
Package hyperref Info: Option `colorlinks' set `true' on input line 77.

(/usr/local/texlive/2011/texmf-dist/tex/latex/booktabs/booktabs.sty
Package: booktabs 2005/04/14 v1.61803 publication quality tables
\heavyrulewidth=\dimen112
\lightrulewidth=\dimen113
\cmidrulewidth=\dimen114
\belowrulesep=\dimen115
\belowbottomsep=\dimen116
\aboverulesep=\dimen117
\abovetopsep=\dimen118
\cmidrulesep=\dimen119
\cmidrulekern=\dimen120
\defaultaddspace=\dimen121
\@cmidla=\count99
\@cmidlb=\count100
\@aboverulesep=\dimen122
\@belowrulesep=\dimen123
\@thisruleclass=\count101
\@lastruleclass=\count102
\@thisrulewidth=\dimen124
)
(/usr/local/texlive/2011/texmf-dist/tex/latex/tools/dcolumn.sty
Package: dcolumn 2001/05/28 v1.06 decimal alignment package (DPC)

(/usr/local/texlive/2011/texmf-dist/tex/latex/tools/array.sty
Package: array 2008/09/09 v2.4c Tabular extension package (FMi)
\col@sep=\dimen125
\extrarowheight=\dimen126
\NC@list=\toks15
\extratabsurround=\skip47
\backup@length=\skip48
))
(/usr/local/texlive/2011/texmf-dist/tex/latex/pgf/frontendlayer/tikz.sty
(/usr/local/texlive/2011/texmf-dist/tex/latex/pgf/basiclayer/pgf.sty
(/usr/local/texlive/2011/texmf-dist/tex/latex/pgf/utilities/pgfrcs.sty
(/usr/local/texlive/2011/texmf-dist/tex/generic/pgf/utilities/pgfutil-common.te
x
\pgfutil@everybye=\toks16
)
(/usr/local/texlive/2011/texmf-dist/tex/generic/pgf/utilities/pgfutil-latex.def
\pgfutil@abb=\box26
(/usr/local/texlive/2011/texmf-dist/tex/latex/ms/everyshi.sty
Package: everyshi 2001/05/15 v3.00 EveryShipout Package (MS)
))
(/usr/local/texlive/2011/texmf-dist/tex/generic/pgf/utilities/pgfrcs.code.tex
Package: pgfrcs 2010/10/25 v2.10 (rcs-revision 1.24)
))
Package: pgf 2008/01/15 v2.10 (rcs-revision 1.12)
(/usr/local/texlive/2011/texmf-dist/tex/latex/pgf/basiclayer/pgfcore.sty
(/usr/local/texlive/2011/texmf-dist/tex/latex/pgf/systemlayer/pgfsys.sty
(/usr/local/texlive/2011/texmf-dist/tex/generic/pgf/systemlayer/pgfsys.code.tex
Package: pgfsys 2010/06/30 v2.10 (rcs-revision 1.37)
(/usr/local/texlive/2011/texmf-dist/tex/generic/pgf/utilities/pgfkeys.code.tex
\pgfkeys@pathtoks=\toks17
\pgfkeys@temptoks=\toks18

(/usr/local/texlive/2011/texmf-dist/tex/generic/pgf/utilities/pgfkeysfiltered.c
ode.tex
\pgfkeys@tmptoks=\toks19
))
\pgf@x=\dimen127
\pgf@y=\dimen128
\pgf@xa=\dimen129
\pgf@ya=\dimen130
\pgf@xb=\dimen131
\pgf@yb=\dimen132
\pgf@xc=\dimen133
\pgf@yc=\dimen134
\w@pgf@writea=\write3
\r@pgf@reada=\read1
\c@pgf@counta=\count103
\c@pgf@countb=\count104
\c@pgf@countc=\count105
\c@pgf@countd=\count106

(/usr/local/texlive/2011/texmf-dist/tex/generic/pgf/systemlayer/pgf.cfg
File: pgf.cfg 2008/05/14  (rcs-revision 1.7)
)
Package pgfsys Info: Driver file for pgf: pgfsys-pdftex.def on input line 900.

(/usr/local/texlive/2011/texmf-dist/tex/generic/pgf/systemlayer/pgfsys-pdftex.d
ef
File: pgfsys-pdftex.def 2009/05/22  (rcs-revision 1.26)

(/usr/local/texlive/2011/texmf-dist/tex/generic/pgf/systemlayer/pgfsys-common-p
df.def
File: pgfsys-common-pdf.def 2008/05/19  (rcs-revision 1.10)
)))
(/usr/local/texlive/2011/texmf-dist/tex/generic/pgf/systemlayer/pgfsyssoftpath.
code.tex
File: pgfsyssoftpath.code.tex 2008/07/18  (rcs-revision 1.7)
\pgfsyssoftpath@smallbuffer@items=\count107
\pgfsyssoftpath@bigbuffer@items=\count108
)
(/usr/local/texlive/2011/texmf-dist/tex/generic/pgf/systemlayer/pgfsysprotocol.
code.tex
File: pgfsysprotocol.code.tex 2006/10/16  (rcs-revision 1.4)
)) (/usr/local/texlive/2011/texmf-dist/tex/latex/xcolor/xcolor.sty
Package: xcolor 2007/01/21 v2.11 LaTeX color extensions (UK)

(/usr/local/texlive/2011/texmf-dist/tex/latex/latexconfig/color.cfg
File: color.cfg 2007/01/18 v1.5 color configuration of teTeX/TeXLive
)
Package xcolor Info: Driver file: pdftex.def on input line 225.
LaTeX Info: Redefining \color on input line 702.
Package xcolor Info: Model `cmy' substituted by `cmy0' on input line 1337.
Package xcolor Info: Model `hsb' substituted by `rgb' on input line 1341.
Package xcolor Info: Model `RGB' extended on input line 1353.
Package xcolor Info: Model `HTML' substituted by `rgb' on input line 1355.
Package xcolor Info: Model `Hsb' substituted by `hsb' on input line 1356.
Package xcolor Info: Model `tHsb' substituted by `hsb' on input line 1357.
Package xcolor Info: Model `HSB' substituted by `hsb' on input line 1358.
Package xcolor Info: Model `Gray' substituted by `gray' on input line 1359.
Package xcolor Info: Model `wave' substituted by `hsb' on input line 1360.
)
(/usr/local/texlive/2011/texmf-dist/tex/generic/pgf/basiclayer/pgfcore.code.tex
Package: pgfcore 2010/04/11 v2.10 (rcs-revision 1.7)
(/usr/local/texlive/2011/texmf-dist/tex/generic/pgf/math/pgfmath.code.tex
(/usr/local/texlive/2011/texmf-dist/tex/generic/pgf/math/pgfmathcalc.code.tex
(/usr/local/texlive/2011/texmf-dist/tex/generic/pgf/math/pgfmathutil.code.tex)
(/usr/local/texlive/2011/texmf-dist/tex/generic/pgf/math/pgfmathparser.code.tex
\pgfmath@dimen=\dimen135
\pgfmath@count=\count109
\pgfmath@box=\box27
\pgfmath@toks=\toks20
\pgfmath@stack@operand=\toks21
\pgfmath@stack@operation=\toks22
)
(/usr/local/texlive/2011/texmf-dist/tex/generic/pgf/math/pgfmathfunctions.code.
tex
(/usr/local/texlive/2011/texmf-dist/tex/generic/pgf/math/pgfmathfunctions.basic
.code.tex)
(/usr/local/texlive/2011/texmf-dist/tex/generic/pgf/math/pgfmathfunctions.trigo
nometric.code.tex)
(/usr/local/texlive/2011/texmf-dist/tex/generic/pgf/math/pgfmathfunctions.rando
m.code.tex)
(/usr/local/texlive/2011/texmf-dist/tex/generic/pgf/math/pgfmathfunctions.compa
rison.code.tex)
(/usr/local/texlive/2011/texmf-dist/tex/generic/pgf/math/pgfmathfunctions.base.
code.tex)
(/usr/local/texlive/2011/texmf-dist/tex/generic/pgf/math/pgfmathfunctions.round
.code.tex)
(/usr/local/texlive/2011/texmf-dist/tex/generic/pgf/math/pgfmathfunctions.misc.
code.tex)))
(/usr/local/texlive/2011/texmf-dist/tex/generic/pgf/math/pgfmathfloat.code.tex
\c@pgfmathroundto@lastzeros=\count110
))
(/usr/local/texlive/2011/texmf-dist/tex/generic/pgf/basiclayer/pgfcorepoints.co
de.tex
File: pgfcorepoints.code.tex 2010/04/09  (rcs-revision 1.20)
\pgf@picminx=\dimen136
\pgf@picmaxx=\dimen137
\pgf@picminy=\dimen138
\pgf@picmaxy=\dimen139
\pgf@pathminx=\dimen140
\pgf@pathmaxx=\dimen141
\pgf@pathminy=\dimen142
\pgf@pathmaxy=\dimen143
\pgf@xx=\dimen144
\pgf@xy=\dimen145
\pgf@yx=\dimen146
\pgf@yy=\dimen147
\pgf@zx=\dimen148
\pgf@zy=\dimen149
)
(/usr/local/texlive/2011/texmf-dist/tex/generic/pgf/basiclayer/pgfcorepathconst
ruct.code.tex
File: pgfcorepathconstruct.code.tex 2010/08/03  (rcs-revision 1.24)
\pgf@path@lastx=\dimen150
\pgf@path@lasty=\dimen151
)
(/usr/local/texlive/2011/texmf-dist/tex/generic/pgf/basiclayer/pgfcorepathusage
.code.tex
File: pgfcorepathusage.code.tex 2008/04/22  (rcs-revision 1.12)
\pgf@shorten@end@additional=\dimen152
\pgf@shorten@start@additional=\dimen153
)
(/usr/local/texlive/2011/texmf-dist/tex/generic/pgf/basiclayer/pgfcorescopes.co
de.tex
File: pgfcorescopes.code.tex 2010/09/08  (rcs-revision 1.34)
\pgfpic=\box28
\pgf@hbox=\box29
\pgf@layerbox@main=\box30
\pgf@picture@serial@count=\count111
)
(/usr/local/texlive/2011/texmf-dist/tex/generic/pgf/basiclayer/pgfcoregraphicst
ate.code.tex
File: pgfcoregraphicstate.code.tex 2008/04/22  (rcs-revision 1.9)
\pgflinewidth=\dimen154
)
(/usr/local/texlive/2011/texmf-dist/tex/generic/pgf/basiclayer/pgfcoretransform
ations.code.tex
File: pgfcoretransformations.code.tex 2009/06/10  (rcs-revision 1.11)
\pgf@pt@x=\dimen155
\pgf@pt@y=\dimen156
\pgf@pt@temp=\dimen157
)
(/usr/local/texlive/2011/texmf-dist/tex/generic/pgf/basiclayer/pgfcorequick.cod
e.tex
File: pgfcorequick.code.tex 2008/10/09  (rcs-revision 1.3)
)
(/usr/local/texlive/2011/texmf-dist/tex/generic/pgf/basiclayer/pgfcoreobjects.c
ode.tex
File: pgfcoreobjects.code.tex 2006/10/11  (rcs-revision 1.2)
)
(/usr/local/texlive/2011/texmf-dist/tex/generic/pgf/basiclayer/pgfcorepathproce
ssing.code.tex
File: pgfcorepathprocessing.code.tex 2008/10/09  (rcs-revision 1.8)
)
(/usr/local/texlive/2011/texmf-dist/tex/generic/pgf/basiclayer/pgfcorearrows.co
de.tex
File: pgfcorearrows.code.tex 2008/04/23  (rcs-revision 1.11)
)
(/usr/local/texlive/2011/texmf-dist/tex/generic/pgf/basiclayer/pgfcoreshade.cod
e.tex
File: pgfcoreshade.code.tex 2008/11/23  (rcs-revision 1.13)
\pgf@max=\dimen158
\pgf@sys@shading@range@num=\count112
)
(/usr/local/texlive/2011/texmf-dist/tex/generic/pgf/basiclayer/pgfcoreimage.cod
e.tex
File: pgfcoreimage.code.tex 2010/03/25  (rcs-revision 1.16)

(/usr/local/texlive/2011/texmf-dist/tex/generic/pgf/basiclayer/pgfcoreexternal.
code.tex
File: pgfcoreexternal.code.tex 2010/09/01  (rcs-revision 1.17)
\pgfexternal@startupbox=\box31
))
(/usr/local/texlive/2011/texmf-dist/tex/generic/pgf/basiclayer/pgfcorelayers.co
de.tex
File: pgfcorelayers.code.tex 2010/08/27  (rcs-revision 1.2)
)
(/usr/local/texlive/2011/texmf-dist/tex/generic/pgf/basiclayer/pgfcoretranspare
ncy.code.tex
File: pgfcoretransparency.code.tex 2008/01/17  (rcs-revision 1.2)
)
(/usr/local/texlive/2011/texmf-dist/tex/generic/pgf/basiclayer/pgfcorepatterns.
code.tex
File: pgfcorepatterns.code.tex 2009/07/02  (rcs-revision 1.3)
)))
(/usr/local/texlive/2011/texmf-dist/tex/generic/pgf/modules/pgfmoduleshapes.cod
e.tex
File: pgfmoduleshapes.code.tex 2010/09/09  (rcs-revision 1.13)
\pgfnodeparttextbox=\box32
)
(/usr/local/texlive/2011/texmf-dist/tex/generic/pgf/modules/pgfmoduleplot.code.
tex
File: pgfmoduleplot.code.tex 2010/10/22  (rcs-revision 1.8)
)
(/usr/local/texlive/2011/texmf-dist/tex/latex/pgf/compatibility/pgfcomp-version
-0-65.sty
Package: pgfcomp-version-0-65 2007/07/03 v2.10 (rcs-revision 1.7)
\pgf@nodesepstart=\dimen159
\pgf@nodesepend=\dimen160
)
(/usr/local/texlive/2011/texmf-dist/tex/latex/pgf/compatibility/pgfcomp-version
-1-18.sty
Package: pgfcomp-version-1-18 2007/07/23 v2.10 (rcs-revision 1.1)
))
(/usr/local/texlive/2011/texmf-dist/tex/latex/pgf/utilities/pgffor.sty
(/usr/local/texlive/2011/texmf-dist/tex/latex/pgf/utilities/pgfkeys.sty
(/usr/local/texlive/2011/texmf-dist/tex/generic/pgf/utilities/pgfkeys.code.tex)
) (/usr/local/texlive/2011/texmf-dist/tex/generic/pgf/utilities/pgffor.code.tex
Package: pgffor 2010/03/23 v2.10 (rcs-revision 1.18)
\pgffor@iter=\dimen161
\pgffor@skip=\dimen162
\pgffor@stack=\toks23
\pgffor@toks=\toks24
))
(/usr/local/texlive/2011/texmf-dist/tex/generic/pgf/frontendlayer/tikz/tikz.cod
e.tex
Package: tikz 2010/10/13 v2.10 (rcs-revision 1.76)

(/usr/local/texlive/2011/texmf-dist/tex/generic/pgf/libraries/pgflibraryplothan
dlers.code.tex
File: pgflibraryplothandlers.code.tex 2010/05/31 v2.10 (rcs-revision 1.15)
\pgf@plot@mark@count=\count113
\pgfplotmarksize=\dimen163
)
\tikz@lastx=\dimen164
\tikz@lasty=\dimen165
\tikz@lastxsaved=\dimen166
\tikz@lastysaved=\dimen167
\tikzleveldistance=\dimen168
\tikzsiblingdistance=\dimen169
\tikz@figbox=\box33
\tikz@tempbox=\box34
\tikztreelevel=\count114
\tikznumberofchildren=\count115
\tikznumberofcurrentchild=\count116
\tikz@fig@count=\count117

(/usr/local/texlive/2011/texmf-dist/tex/generic/pgf/modules/pgfmodulematrix.cod
e.tex
File: pgfmodulematrix.code.tex 2010/08/24  (rcs-revision 1.4)
\pgfmatrixcurrentrow=\count118
\pgfmatrixcurrentcolumn=\count119
\pgf@matrix@numberofcolumns=\count120
)
\tikz@expandcount=\count121

(/usr/local/texlive/2011/texmf-dist/tex/generic/pgf/frontendlayer/tikz/librarie
s/tikzlibrarytopaths.code.tex
File: tikzlibrarytopaths.code.tex 2008/06/17 v2.10 (rcs-revision 1.2)
)))
(/usr/local/texlive/2011/texmf-dist/tex/latex/todonotes/todonotes.sty
Package: todonotes 2011/04/21 .dtx Todonotes source and documentation.
Package: todonotes 2011/04/21

(/usr/local/texlive/2011/texmf-dist/tex/latex/base/ifthen.sty
Package: ifthen 2001/05/26 v1.1c Standard LaTeX ifthen package (DPC)
)
(/usr/local/texlive/2011/texmf-dist/tex/latex/xkeyval/xkeyval.sty
Package: xkeyval 2008/08/13 v2.6a package option processing (HA)

(/usr/local/texlive/2011/texmf-dist/tex/generic/xkeyval/xkeyval.tex
\XKV@toks=\toks25
\XKV@tempa@toks=\toks26
\XKV@depth=\count122
File: xkeyval.tex 2008/08/13 v2.6a key=value parser (HA)
))
(/usr/local/texlive/2011/texmf-dist/tex/latex/tools/calc.sty
Package: calc 2007/08/22 v4.3 Infix arithmetic (KKT,FJ)
\calc@Acount=\count123
\calc@Bcount=\count124
\calc@Adimen=\dimen170
\calc@Bdimen=\dimen171
\calc@Askip=\skip49
\calc@Bskip=\skip50
LaTeX Info: Redefining \setlength on input line 76.
LaTeX Info: Redefining \addtolength on input line 77.
\calc@Ccount=\count125
\calc@Cskip=\skip51
)
\c@@todonotes@numberoftodonotes=\count126
)
(/usr/local/texlive/2011/texmf-dist/tex/latex/tools/verbatim.sty
Package: verbatim 2003/08/22 v1.5q LaTeX2e package for verbatim enhancements
\every@verbatim=\toks27
\verbatim@line=\toks28
\verbatim@in@stream=\read2
)
(/usr/local/texlive/2011/texmf-dist/tex/latex/endnotes/endnotes.sty
\c@endnote=\count127
\endnotesep=\dimen172
\@enotes=\write4
)
(./Leg_Violence_Gandrud.aux)
\openout1 = `Leg_Violence_Gandrud.aux'.

LaTeX Font Info:    Checking defaults for OML/cmm/m/it on input line 96.
LaTeX Font Info:    ... okay on input line 96.
LaTeX Font Info:    Checking defaults for T1/cmr/m/n on input line 96.
LaTeX Font Info:    ... okay on input line 96.
LaTeX Font Info:    Checking defaults for OT1/cmr/m/n on input line 96.
LaTeX Font Info:    ... okay on input line 96.
LaTeX Font Info:    Checking defaults for OMS/cmsy/m/n on input line 96.
LaTeX Font Info:    ... okay on input line 96.
LaTeX Font Info:    Checking defaults for OMX/cmex/m/n on input line 96.
LaTeX Font Info:    ... okay on input line 96.
LaTeX Font Info:    Checking defaults for U/cmr/m/n on input line 96.
LaTeX Font Info:    ... okay on input line 96.
LaTeX Font Info:    Checking defaults for TS1/cmr/m/n on input line 96.
LaTeX Font Info:    Try loading font information for TS1+cmr on input line 96.

(/usr/local/texlive/2011/texmf-dist/tex/latex/base/ts1cmr.fd
File: ts1cmr.fd 1999/05/25 v2.5h Standard LaTeX font definitions
)
LaTeX Font Info:    ... okay on input line 96.
LaTeX Font Info:    Checking defaults for PD1/pdf/m/n on input line 96.
LaTeX Font Info:    ... okay on input line 96.

(/usr/local/texlive/2011/texmf-dist/tex/context/base/supp-pdf.mkii
[Loading MPS to PDF converter (version 2006.09.02).]
\scratchcounter=\count128
\scratchdimen=\dimen173
\scratchbox=\box35
\nofMPsegments=\count129
\nofMParguments=\count130
\everyMPshowfont=\toks29
\MPscratchCnt=\count131
\MPscratchDim=\dimen174
\MPnumerator=\count132
\makeMPintoPDFobject=\count133
\everyMPtoPDFconversion=\toks30
) (/usr/local/texlive/2011/texmf-dist/tex/latex/oberdiek/epstopdf-base.sty
Package: epstopdf-base 2010/02/09 v2.5 Base part for package epstopdf

(/usr/local/texlive/2011/texmf-dist/tex/latex/oberdiek/grfext.sty
Package: grfext 2010/08/19 v1.1 Managing graphics extensions (HO)
)
Package grfext Info: Graphics extension search list:
(grfext)             [.png,.pdf,.jpg,.mps,.jpeg,.jbig2,.jb2,.PNG,.PDF,.JPG,.JPE
G,.JBIG2,.JB2,.eps]
(grfext)             \AppendGraphicsExtensions on input line 452.

(/usr/local/texlive/2011/texmf-dist/tex/latex/latexconfig/epstopdf-sys.cfg
File: epstopdf-sys.cfg 2010/07/13 v1.3 Configuration of (r)epstopdf for TeX Liv
e
))
\AtBeginShipoutBox=\box36
Package hyperref Info: Link coloring ON on input line 96.

(/usr/local/texlive/2011/texmf-dist/tex/latex/hyperref/nameref.sty
Package: nameref 2010/04/30 v2.40 Cross-referencing by name of section

(/usr/local/texlive/2011/texmf-dist/tex/generic/oberdiek/gettitlestring.sty
Package: gettitlestring 2010/12/03 v1.4 Cleanup title references (HO)
)
\c@section@level=\count134
)
LaTeX Info: Redefining \ref on input line 96.
LaTeX Info: Redefining \pageref on input line 96.
LaTeX Info: Redefining \nameref on input line 96.

(./Leg_Violence_Gandrud.out) (./Leg_Violence_Gandrud.out)
\@outlinefile=\write5
\openout5 = `Leg_Violence_Gandrud.out'.


ABD: EveryShipout initializing macros
LaTeX Font Info:    External font `cmex10' loaded for size
(Font)              <12> on input line 99.
LaTeX Font Info:    External font `cmex10' loaded for size
(Font)              <8> on input line 99.
LaTeX Font Info:    External font `cmex10' loaded for size
(Font)              <6> on input line 99.
LaTeX Font Info:    External font `cmex10' loaded for size
(Font)              <5> on input line 99.
LaTeX Font Info:    External font `cmex10' loaded for size
(Font)              <7> on input line 115.
\openout4 = `Leg_Violence_Gandrud.ent'.

 [1

{/usr/local/texlive/2011/texmf-var/fonts/map/pdftex/updmap/pdftex.map}] [2] [3]
 [4] [5] [6] [7] [8] [9]
Overfull \hbox (20.20331pt too wide) in paragraph at lines 224--224
[]\OT1/cmr/bx/n/14.4 Empirical Anal-y-sis: What is As-so-ci-ated with Leg-isla-
tive Brawls? 
 []

[10] [11] [12] [13] [14] [15] [16] [17]
Overfull \hbox (2.1467pt too wide) in paragraph at lines 346--346
[][]\OT1/cmr/bx/n/14.4 Conclusions: What Keeps Leg-is-la-tors Two Sword Lengths
 Apart? 
 []

[18] (./Leg_Violence_Gandrud.bbl [19] [20] [21] [22] [23])
(./Leg_Violence_Gandrud.ent [24] [25] [26])
<incidence_map.png, id=565, 750.805pt x 497.86pt>
File: incidence_map.png Graphic file (type png)
 <use incidence_map.png>
Package pdftex.def Info: incidence_map.png used on input line 390.
(pdftex.def)             Requested size: 369.88582pt x 245.27536pt.


Package xcolor Warning: Incompatible color definition on input line 402.

<figure/ScatterDem.pdf, id=567, 505.89pt x 289.08pt>
File: figure/ScatterDem.pdf Graphic file (type pdf)

<use figure/ScatterDem.pdf>
Package pdftex.def Info: figure/ScatterDem.pdf used on input line 403.
(pdftex.def)             Requested size: 362.37569pt x 207.07439pt.
 (./gap_examples_tikz.tex)
Overfull \hbox (17.47787pt too wide) in paragraph at lines 111--420
 [] 
 []


LaTeX Warning: `!h' float specifier changed to `!ht'.


Package xcolor Warning: Incompatible color definition on input line 466.

LaTeX Font Info:    Font shape `OT1/cmtt/bx/n' in size <10> not available
(Font)              Font shape `OT1/cmtt/m/n' tried instead on input line 469.

Package xcolor Warning: Incompatible color definition on input line 469.


! LaTeX Error: Something's wrong--perhaps a missing \item.

See the LaTeX manual or LaTeX Companion for explanation.
Type  H <return>  for immediate help.
 ...                                              
                                                  
l.469 ...ables not found in data: NA}}\end{kframe}
                                                  
Try typing  <return>  to proceed.
If that doesn't work, type  X <return>  to quit.


Package xcolor Warning: Incompatible color definition on input line 485.

<figure/boxplot.pdf, id=569, 505.89pt x 289.08pt>
File: figure/boxplot.pdf Graphic file (type pdf)
 <use figure/boxplot.pdf>
Package pdftex.def Info: figure/boxplot.pdf used on input line 486.
(pdftex.def)             Requested size: 362.37569pt x 207.07439pt.


Package xcolor Warning: Incompatible color definition on input line 503.

<figure/FrameworkEmpirical.pdf, id=570, 505.89pt x 505.89pt>
File: figure/FrameworkEmpirical.pdf Graphic file (type pdf)

<use figure/FrameworkEmpirical.pdf>
Package pdftex.def Info: figure/FrameworkEmpirical.pdf used on input line 504.
(pdftex.def)             Requested size: 362.37569pt x 362.38017pt.

Underfull \hbox (badness 10000) in paragraph at lines 525--526
[]|[][]\OT1/cmr/m/n/10 Gallagher[][] ([][]2012[][]) &
 []


Underfull \hbox (badness 10000) in paragraph at lines 526--527
[]|[][]\OT1/cmr/m/n/10 Gallagher[][] ([][]2012[][]) &
 []


Underfull \hbox (badness 10000) in paragraph at lines 527--528
[]|[][]\OT1/cmr/m/n/10 Gallagher[][] ([][]2012[][]) &
 []


Underfull \hbox (badness 10000) in paragraph at lines 533--534
[]|[][]\OT1/cmr/m/n/10 Fish and Kroen-ing[][]
 []


Underfull \hbox (badness 1424) in paragraph at lines 538--539
[]|[][]\OT1/cmr/m/n/10 World Val-ues Sur-vey
 []


Underfull \hbox (badness 1424) in paragraph at lines 541--542
[]|[][]\OT1/cmr/m/n/10 World Val-ues Sur-vey
 []


LaTeX Warning: `!h' float specifier changed to `!ht'.

[27 <./incidence_map.png>] [28 <./figure/ScatterDem.pdf>] [29] [30 <./figure/bo
xplot.pdf>] [31 <./figure/FrameworkEmpirical.pdf>] [32]
<figure/corScatter.png, id=663, 978.65625pt x 734.745pt>
File: figure/corScatter.png Graphic file (type png)

<use figure/corScatter.png>
Package pdftex.def Info: figure/corScatter.png used on input line 560.
(pdftex.def)             Requested size: 452.9679pt x 340.08331pt.
 [33 <./figure/corScatter.png>]

Package xcolor Warning: Incompatible color definition on input line 596.

LaTeX Font Info:    Font shape `OT1/cmtt/bx/n' in size <5> not available
(Font)              Font shape `OT1/cmtt/m/n' tried instead on input line 599.

Package xcolor Warning: Incompatible color definition on input line 599.


! LaTeX Error: Something's wrong--perhaps a missing \item.

See the LaTeX manual or LaTeX Companion for explanation.
Type  H <return>  for immediate help.
 ...                                              
                                                  
l.599 ...ct' for signature '"zelig"'}}\end{kframe}
                                                  
Try typing  <return>  to proceed.
If that doesn't work, type  X <return>  to quit.


Package xcolor Warning: Incompatible color definition on input line 599.

[34



]
Overfull \hbox (4.18059pt too wide) detected at line 624
$\OML/cmm/m/it/5 :\OT1/cmr/m/n/5 403[]$ 
 []


Overfull \hbox (4.18059pt too wide) detected at line 624
$\OML/cmm/m/it/5 :\OT1/cmr/m/n/5 199[]$ 
 []


Overfull \hbox (4.18059pt too wide) detected at line 624
$\OML/cmm/m/it/5 :\OT1/cmr/m/n/5 417[]$ 
 []


Overfull \hbox (4.18059pt too wide) detected at line 624
$\OML/cmm/m/it/5 :\OT1/cmr/m/n/5 548[]$ 
 []


Overfull \hbox (4.18059pt too wide) detected at line 624
$\OML/cmm/m/it/5 :\OT1/cmr/m/n/5 914[]$ 
 []


Overfull \hbox (4.18059pt too wide) detected at line 624
$\OML/cmm/m/it/5 :\OT1/cmr/m/n/5 358[]$ 
 []


Overfull \hbox (4.18059pt too wide) detected at line 624
$\OML/cmm/m/it/5 :\OT1/cmr/m/n/5 379[]$ 
 []


Overfull \hbox (4.18059pt too wide) detected at line 624
$\OML/cmm/m/it/5 :\OT1/cmr/m/n/5 918[]$ 
 []


Overfull \hbox (4.18059pt too wide) detected at line 624
$\OML/cmm/m/it/5 :\OT1/cmr/m/n/5 752[]$ 
 []


Overfull \hbox (4.18059pt too wide) detected at line 624
$\OML/cmm/m/it/5 :\OT1/cmr/m/n/5 589[]$ 
 []


Overfull \hbox (4.18059pt too wide) detected at line 625
$\OML/cmm/m/it/5 :\OT1/cmr/m/n/5 295[]$ 
 []


Overfull \hbox (2.70836pt too wide) detected at line 625
$\OML/cmm/m/it/5 :\OT1/cmr/m/n/5 142)$ 
 []


Overfull \hbox (2.70836pt too wide) detected at line 625
$\OML/cmm/m/it/5 :\OT1/cmr/m/n/5 395)$ 
 []


Overfull \hbox (2.70836pt too wide) detected at line 625
$\OML/cmm/m/it/5 :\OT1/cmr/m/n/5 506)$ 
 []


Overfull \hbox (2.70836pt too wide) detected at line 625
$\OML/cmm/m/it/5 :\OT1/cmr/m/n/5 199)$ 
 []


Overfull \hbox (2.70836pt too wide) detected at line 625
$\OML/cmm/m/it/5 :\OT1/cmr/m/n/5 271)$ 
 []


Overfull \hbox (2.70836pt too wide) detected at line 625
$\OML/cmm/m/it/5 :\OT1/cmr/m/n/5 372)$ 
 []


Overfull \hbox (2.70836pt too wide) detected at line 625
$\OML/cmm/m/it/5 :\OT1/cmr/m/n/5 198)$ 
 []


Overfull \hbox (2.70836pt too wide) detected at line 625
$\OML/cmm/m/it/5 :\OT1/cmr/m/n/5 300)$ 
 []


Overfull \hbox (2.70836pt too wide) detected at line 625
$\OML/cmm/m/it/5 :\OT1/cmr/m/n/5 213)$ 
 []


Overfull \hbox (2.70836pt too wide) detected at line 625
$\OML/cmm/m/it/5 :\OT1/cmr/m/n/5 047)$ 
 []


Overfull \hbox (2.70836pt too wide) detected at line 625
$\OML/cmm/m/it/5 :\OT1/cmr/m/n/5 218)$ 
 []


Overfull \hbox (2.70836pt too wide) detected at line 625
$\OML/cmm/m/it/5 :\OT1/cmr/m/n/5 411)$ 
 []


Overfull \hbox (2.70836pt too wide) detected at line 625
$\OML/cmm/m/it/5 :\OT1/cmr/m/n/5 802)$ 
 []


Overfull \hbox (2.70836pt too wide) detected at line 625
$\OML/cmm/m/it/5 :\OT1/cmr/m/n/5 810)$ 
 []


Overfull \hbox (2.70836pt too wide) detected at line 625
$\OML/cmm/m/it/5 :\OT1/cmr/m/n/5 274)$ 
 []


Overfull \hbox (2.70836pt too wide) detected at line 626
$\OML/cmm/m/it/5 :\OT1/cmr/m/n/5 237)$ 
 []


Overfull \hbox (4.18059pt too wide) detected at line 626
$\OML/cmm/m/it/5 :\OT1/cmr/m/n/5 016[]$ 
 []


Overfull \hbox (4.18059pt too wide) detected at line 626
$\OML/cmm/m/it/5 :\OT1/cmr/m/n/5 025[]$ 
 []


Overfull \hbox (4.18059pt too wide) detected at line 626
$\OML/cmm/m/it/5 :\OT1/cmr/m/n/5 026[]$ 
 []


Overfull \hbox (4.18059pt too wide) detected at line 626
$\OML/cmm/m/it/5 :\OT1/cmr/m/n/5 020[]$ 
 []


Overfull \hbox (4.18059pt too wide) detected at line 626
$\OML/cmm/m/it/5 :\OT1/cmr/m/n/5 013[]$ 
 []


Overfull \hbox (4.18059pt too wide) detected at line 626
$\OML/cmm/m/it/5 :\OT1/cmr/m/n/5 020[]$ 
 []


Overfull \hbox (4.18059pt too wide) detected at line 626
$\OML/cmm/m/it/5 :\OT1/cmr/m/n/5 032[]$ 
 []


Overfull \hbox (2.70836pt too wide) detected at line 627
$\OML/cmm/m/it/5 :\OT1/cmr/m/n/5 006)$ 
 []


Overfull \hbox (2.70836pt too wide) detected at line 627
$\OML/cmm/m/it/5 :\OT1/cmr/m/n/5 006)$ 
 []


Overfull \hbox (2.70836pt too wide) detected at line 627
$\OML/cmm/m/it/5 :\OT1/cmr/m/n/5 007)$ 
 []


Overfull \hbox (2.70836pt too wide) detected at line 627
$\OML/cmm/m/it/5 :\OT1/cmr/m/n/5 009)$ 
 []


Overfull \hbox (2.70836pt too wide) detected at line 627
$\OML/cmm/m/it/5 :\OT1/cmr/m/n/5 006)$ 
 []


Overfull \hbox (2.70836pt too wide) detected at line 627
$\OML/cmm/m/it/5 :\OT1/cmr/m/n/5 010)$ 
 []


Overfull \hbox (2.70836pt too wide) detected at line 627
$\OML/cmm/m/it/5 :\OT1/cmr/m/n/5 009)$ 
 []


Overfull \hbox (2.70836pt too wide) detected at line 627
$\OML/cmm/m/it/5 :\OT1/cmr/m/n/5 012)$ 
 []


Overfull \hbox (2.70836pt too wide) detected at line 627
$\OML/cmm/m/it/5 :\OT1/cmr/m/n/5 006)$ 
 []


Overfull \hbox (2.70836pt too wide) detected at line 627
$\OML/cmm/m/it/5 :\OT1/cmr/m/n/5 015)$ 
 []


Overfull \hbox (2.70836pt too wide) detected at line 627
$\OML/cmm/m/it/5 :\OT1/cmr/m/n/5 010)$ 
 []


Overfull \hbox (2.70836pt too wide) detected at line 627
$\OML/cmm/m/it/5 :\OT1/cmr/m/n/5 016)$ 
 []


Overfull \hbox (2.70836pt too wide) detected at line 628
$\OML/cmm/m/it/5 :\OT1/cmr/m/n/5 019)$ 
 []


Overfull \hbox (4.18059pt too wide) detected at line 628
$\OML/cmm/m/it/5 :\OT1/cmr/m/n/5 040[]$ 
 []


Overfull \hbox (4.18059pt too wide) detected at line 628
$\OML/cmm/m/it/5 :\OT1/cmr/m/n/5 036[]$ 
 []


Overfull \hbox (4.18059pt too wide) detected at line 628
$\OML/cmm/m/it/5 :\OT1/cmr/m/n/5 033[]$ 
 []


Overfull \hbox (4.18059pt too wide) detected at line 628
$\OML/cmm/m/it/5 :\OT1/cmr/m/n/5 027[]$ 
 []


Overfull \hbox (2.70836pt too wide) detected at line 629
$\OML/cmm/m/it/5 :\OT1/cmr/m/n/5 007)$ 
 []


Overfull \hbox (2.70836pt too wide) detected at line 629
$\OML/cmm/m/it/5 :\OT1/cmr/m/n/5 009)$ 
 []


Overfull \hbox (2.70836pt too wide) detected at line 629
$\OML/cmm/m/it/5 :\OT1/cmr/m/n/5 011)$ 
 []


Overfull \hbox (2.70836pt too wide) detected at line 629
$\OML/cmm/m/it/5 :\OT1/cmr/m/n/5 012)$ 
 []


Overfull \hbox (2.70836pt too wide) detected at line 630
$\OML/cmm/m/it/5 :\OT1/cmr/m/n/5 025)$ 
 []


Overfull \hbox (2.70836pt too wide) detected at line 631
$\OML/cmm/m/it/5 :\OT1/cmr/m/n/5 203)$ 
 []


Overfull \hbox (2.70836pt too wide) detected at line 633
$\OML/cmm/m/it/5 :\OT1/cmr/m/n/5 254)$ 
 []


Overfull \hbox (2.70836pt too wide) detected at line 634
$\OML/cmm/m/it/5 :\OT1/cmr/m/n/5 779)$ 
 []


Overfull \hbox (4.18059pt too wide) detected at line 634
$\OML/cmm/m/it/5 :\OT1/cmr/m/n/5 914[]$ 
 []


Overfull \hbox (2.70836pt too wide) detected at line 635
$\OML/cmm/m/it/5 :\OT1/cmr/m/n/5 312)$ 
 []


Overfull \hbox (2.70836pt too wide) detected at line 635
$\OML/cmm/m/it/5 :\OT1/cmr/m/n/5 504)$ 
 []


Overfull \hbox (2.70836pt too wide) detected at line 635
$\OML/cmm/m/it/5 :\OT1/cmr/m/n/5 526)$ 
 []


Overfull \hbox (2.70836pt too wide) detected at line 636
$\OML/cmm/m/it/5 :\OT1/cmr/m/n/5 965)$ 
 []


Overfull \hbox (2.70836pt too wide) detected at line 637
$\OML/cmm/m/it/5 :\OT1/cmr/m/n/5 711)$ 
 []


Overfull \hbox (2.70836pt too wide) detected at line 638
$\OML/cmm/m/it/5 :\OT1/cmr/m/n/5 235)$ 
 []


Overfull \hbox (2.70836pt too wide) detected at line 639
$\OML/cmm/m/it/5 :\OT1/cmr/m/n/5 095)$ 
 []


Overfull \hbox (2.70836pt too wide) detected at line 640
$\OML/cmm/m/it/5 :\OT1/cmr/m/n/5 187)$ 
 []


Overfull \hbox (2.70836pt too wide) detected at line 641
$\OML/cmm/m/it/5 :\OT1/cmr/m/n/5 259)$ 
 []


Overfull \hbox (2.70836pt too wide) detected at line 643
$\OML/cmm/m/it/5 :\OT1/cmr/m/n/5 023)$ 
 []


Overfull \hbox (4.18059pt too wide) detected at line 644
$\OML/cmm/m/it/5 :\OT1/cmr/m/n/5 130[]$ 
 []


Overfull \hbox (4.18059pt too wide) detected at line 644
$\OML/cmm/m/it/5 :\OT1/cmr/m/n/5 190[]$ 
 []


Overfull \hbox (4.18059pt too wide) detected at line 644
$\OML/cmm/m/it/5 :\OT1/cmr/m/n/5 159[]$ 
 []


Overfull \hbox (2.70836pt too wide) detected at line 645
$\OML/cmm/m/it/5 :\OT1/cmr/m/n/5 452)$ 
 []


Overfull \hbox (2.70836pt too wide) detected at line 645
$\OML/cmm/m/it/5 :\OT1/cmr/m/n/5 461)$ 
 []


Overfull \hbox (2.70836pt too wide) detected at line 645
$\OML/cmm/m/it/5 :\OT1/cmr/m/n/5 479)$ 
 []


Overfull \hbox (2.70836pt too wide) detected at line 646
$\OML/cmm/m/it/5 :\OT1/cmr/m/n/5 099)$ 
 []


Overfull \hbox (4.18059pt too wide) detected at line 647
$\OML/cmm/m/it/5 :\OT1/cmr/m/n/5 906[]$ 
 []


Overfull \hbox (2.70836pt too wide) detected at line 647
$\OML/cmm/m/it/5 :\OT1/cmr/m/n/5 151)$ 
 []


Overfull \hbox (2.70836pt too wide) detected at line 648
$\OML/cmm/m/it/5 :\OT1/cmr/m/n/5 216)$ 
 []


Overfull \hbox (4.18059pt too wide) detected at line 649
$\OML/cmm/m/it/5 :\OT1/cmr/m/n/5 148[]$ 
 []


Overfull \hbox (2.70836pt too wide) detected at line 649
$\OML/cmm/m/it/5 :\OT1/cmr/m/n/5 042)$ 
 []


Overfull \hbox (2.70836pt too wide) detected at line 650
$\OML/cmm/m/it/5 :\OT1/cmr/m/n/5 216)$ 
 []


Overfull \hbox (2.70836pt too wide) detected at line 651
$\OML/cmm/m/it/5 :\OT1/cmr/m/n/5 532)$ 
 []


Overfull \hbox (2.70836pt too wide) detected at line 652
$\OML/cmm/m/it/5 :\OT1/cmr/m/n/5 754)$ 
 []


Overfull \hbox (2.70836pt too wide) detected at line 653
$\OML/cmm/m/it/5 :\OT1/cmr/m/n/5 996)$ 
 []


Overfull \hbox (2.70836pt too wide) detected at line 653
$\OML/cmm/m/it/5 :\OT1/cmr/m/n/5 654)$ 
 []


Overfull \hbox (2.70836pt too wide) detected at line 654
$\OML/cmm/m/it/5 :\OT1/cmr/m/n/5 576)$ 
 []


Overfull \hbox (4.18059pt too wide) detected at line 654
$\OML/cmm/m/it/5 :\OT1/cmr/m/n/5 222[]$ 
 []


Overfull \hbox (2.70836pt too wide) detected at line 655
$\OML/cmm/m/it/5 :\OT1/cmr/m/n/5 064)$ 
 []


Overfull \hbox (2.70836pt too wide) detected at line 655
$\OML/cmm/m/it/5 :\OT1/cmr/m/n/5 082)$ 
 []


Overfull \hbox (2.70836pt too wide) detected at line 655
$\OML/cmm/m/it/5 :\OT1/cmr/m/n/5 095)$ 
 []


Overfull \hbox (2.70836pt too wide) detected at line 656
$\OML/cmm/m/it/5 :\OT1/cmr/m/n/5 158)$ 
 []


Overfull \hbox (2.70836pt too wide) detected at line 657
$\OML/cmm/m/it/5 :\OT1/cmr/m/n/5 031)$ 
 []


Overfull \hbox (2.70836pt too wide) detected at line 658
$\OML/cmm/m/it/5 :\OT1/cmr/m/n/5 129)$ 
 []


Overfull \hbox (2.70836pt too wide) detected at line 659
$\OML/cmm/m/it/5 :\OT1/cmr/m/n/5 020)$ 
 []


Overfull \hbox (2.70836pt too wide) detected at line 659
$\OML/cmm/m/it/5 :\OT1/cmr/m/n/5 019)$ 
 []


Overfull \hbox (2.70836pt too wide) detected at line 660
$\OML/cmm/m/it/5 :\OT1/cmr/m/n/5 054)$ 
 []


Overfull \hbox (2.70836pt too wide) detected at line 661
$\OML/cmm/m/it/5 :\OT1/cmr/m/n/5 024)$ 
 []


Overfull \hbox (2.70836pt too wide) detected at line 661
$\OML/cmm/m/it/5 :\OT1/cmr/m/n/5 029)$ 
 []


Overfull \hbox (2.70836pt too wide) detected at line 662
$\OML/cmm/m/it/5 :\OT1/cmr/m/n/5 040)$ 
 []


Overfull \hbox (2.70836pt too wide) detected at line 663
$\OML/cmm/m/it/5 :\OT1/cmr/m/n/5 044)$ 
 []


Overfull \hbox (2.70836pt too wide) detected at line 663
$\OML/cmm/m/it/5 :\OT1/cmr/m/n/5 249)$ 
 []


Overfull \hbox (18.7365pt too wide) in paragraph at lines 622--667
 [] 
 []

[35]
Package atveryend Info: Empty hook `BeforeClearDocument' on input line 684.
Package atveryend Info: Empty hook `AfterLastShipout' on input line 684.
 (./Leg_Violence_Gandrud.aux)
Package atveryend Info: Executing hook `AtVeryEndDocument' on input line 684.
Package atveryend Info: Executing hook `AtEndAfterFileList' on input line 684.
Package rerunfilecheck Info: File `Leg_Violence_Gandrud.out' has not changed.
(rerunfilecheck)             Checksum: F3A65DEF14310639B440491DE16846D2;906.
Package atveryend Info: Empty hook `AtVeryVeryEnd' on input line 684.
 )
(\end occurred inside a group at level 2)

### simple group (level 2) entered at line 247 ({)
### simple group (level 1) entered at line 138 ({)
### bottom level 
Here is how much of TeX's memory you used:
 15287 strings out of 493633
 274163 string characters out of 3143377
 420351 words of memory out of 3000000
 18138 multiletter control sequences out of 15000+200000
 11112 words of font info for 40 fonts, out of 3000000 for 9000
 831 hyphenation exceptions out of 8191
 56i,12n,55p,2509b,841s stack positions out of 5000i,500n,10000p,200000b,50000s
</usr/local/texlive/2011/texmf-dist/fonts/type1/public/amsfonts
/cm/cmbx10.pfb></usr/local/texlive/2011/texmf-dist/fonts/type1/public/amsfonts/
cm/cmbx12.pfb></usr/local/texlive/2011/texmf-dist/fonts/type1/public/amsfonts/c
m/cmbx9.pfb></usr/local/texlive/2011/texmf-dist/fonts/type1/public/amsfonts/cm/
cmex10.pfb></usr/local/texlive/2011/texmf-dist/fonts/type1/public/amsfonts/cm/c
mitt10.pfb></usr/local/texlive/2011/texmf-dist/fonts/type1/public/amsfonts/cm/c
mmi10.pfb></usr/local/texlive/2011/texmf-dist/fonts/type1/public/amsfonts/cm/cm
mi5.pfb></usr/local/texlive/2011/texmf-dist/fonts/type1/public/amsfonts/cm/cmmi
6.pfb></usr/local/texlive/2011/texmf-dist/fonts/type1/public/amsfonts/cm/cmmi7.
pfb></usr/local/texlive/2011/texmf-dist/fonts/type1/public/amsfonts/cm/cmmi8.pf
b></usr/local/texlive/2011/texmf-dist/fonts/type1/public/amsfonts/cm/cmr10.pfb>
</usr/local/texlive/2011/texmf-dist/fonts/type1/public/amsfonts/cm/cmr12.pfb></
usr/local/texlive/2011/texmf-dist/fonts/type1/public/amsfonts/cm/cmr17.pfb></us
r/local/texlive/2011/texmf-dist/fonts/type1/public/amsfonts/cm/cmr5.pfb></usr/l
ocal/texlive/2011/texmf-dist/fonts/type1/public/amsfonts/cm/cmr6.pfb></usr/loca
l/texlive/2011/texmf-dist/fonts/type1/public/amsfonts/cm/cmr7.pfb></usr/local/t
exlive/2011/texmf-dist/fonts/type1/public/amsfonts/cm/cmr8.pfb></usr/local/texl
ive/2011/texmf-dist/fonts/type1/public/amsfonts/cm/cmr9.pfb></usr/local/texlive
/2011/texmf-dist/fonts/type1/public/amsfonts/cm/cmsy10.pfb></usr/local/texlive/
2011/texmf-dist/fonts/type1/public/amsfonts/cm/cmsy5.pfb></usr/local/texlive/20
11/texmf-dist/fonts/type1/public/amsfonts/cm/cmsy6.pfb></usr/local/texlive/2011
/texmf-dist/fonts/type1/public/amsfonts/cm/cmsy8.pfb></usr/local/texlive/2011/t
exmf-dist/fonts/type1/public/amsfonts/cm/cmti10.pfb></usr/local/texlive/2011/te
xmf-dist/fonts/type1/public/amsfonts/cm/cmti8.pfb></usr/local/texlive/2011/texm
f-dist/fonts/type1/public/amsfonts/cm/cmtt10.pfb></usr/local/texlive/2011/texmf
-dist/fonts/type1/public/amsfonts/cm/cmtt8.pfb>
Output written on Leg_Violence_Gandrud.pdf (35 pages, 1214664 bytes).
PDF statistics:
 796 PDF objects out of 1000 (max. 8388607)
 715 compressed objects within 8 object streams
 145 named destinations out of 1000 (max. 500000)
 126 words of extra memory for PDF output out of 10000 (max. 10000000)

